-------------------------------------------------------------------------------
Test set: com.assignment.LoginAndRegisterBankingAssignmentApplicationTests
-------------------------------------------------------------------------------
Tests run: 1, Failures: 0, Errors: 1, Skipped: 0, Time elapsed: 7.399 s <<< FAILURE! - in com.assignment.LoginAndRegisterBankingAssignmentApplicationTests
contextLoads  Time elapsed: 0.014 s  <<< ERROR!
java.lang.IllegalStateException: Failed to load ApplicationContext for [WebMergedContextConfiguration@67aaf882 testClass = com.assignment.LoginAndRegisterBankingAssignmentApplicationTests, locations = [], classes = [com.assignment.LoginAndRegisterBankingAssignmentApplication], contextInitializerClasses = [], activeProfiles = [], propertySourceLocations = [], propertySourceProperties = ["org.springframework.boot.test.context.SpringBootTestContextBootstrapper=true"], contextCustomizers = [org.springframework.boot.test.context.filter.ExcludeFilterContextCustomizer@6ee4d9ab, org.springframework.boot.test.json.DuplicateJsonObjectContextCustomizerFactory$DuplicateJsonObjectContextCustomizer@13d4992d, org.springframework.boot.test.mock.mockito.MockitoContextCustomizer@0, org.springframework.boot.test.web.client.TestRestTemplateContextCustomizer@7d286fb6, org.springframework.boot.test.autoconfigure.actuate.observability.ObservabilityContextCustomizerFactory$DisableObservabilityContextCustomizer@9da1, org.springframework.boot.test.autoconfigure.properties.PropertyMappingContextCustomizer@0, org.springframework.boot.test.autoconfigure.web.servlet.WebDriverContextCustomizerFactory$Customizer@20c0a64d, org.springframework.boot.test.context.SpringBootTestAnnotation@73413ae5], resourceBasePath = "src/main/webapp", contextLoader = org.springframework.boot.test.context.SpringBootContextLoader, parent = null]
Caused by: org.springframework.beans.factory.BeanCreationException: Error creating bean with name 'userDetailsRepository' defined in com.assignment.repository.UserDetailsRepository defined in @EnableJpaRepositories declared on JpaRepositoriesRegistrar.EnableJpaRepositoriesConfiguration: Could not create query for public abstract com.assignment.model.UserDetails com.assignment.repository.UserDetailsRepository.findByUserId(java.lang.String); Reason: Failed to create query for method public abstract com.assignment.model.UserDetails com.assignment.repository.UserDetailsRepository.findByUserId(java.lang.String); No property 'userId' found for type 'UserDetails'
Caused by: org.springframework.data.repository.query.QueryCreationException: Could not create query for public abstract com.assignment.model.UserDetails com.assignment.repository.UserDetailsRepository.findByUserId(java.lang.String); Reason: Failed to create query for method public abstract com.assignment.model.UserDetails com.assignment.repository.UserDetailsRepository.findByUserId(java.lang.String); No property 'userId' found for type 'UserDetails'
Caused by: java.lang.IllegalArgumentException: Failed to create query for method public abstract com.assignment.model.UserDetails com.assignment.repository.UserDetailsRepository.findByUserId(java.lang.String); No property 'userId' found for type 'UserDetails'
Caused by: org.springframework.data.mapping.PropertyReferenceException: No property 'userId' found for type 'UserDetails'

